<?xml version="1.0" encoding="UTF-8"?>
<!-- Generated by org.testng.reporters.JUnitReportReporter -->
<testsuite hostname="bashudevs-MBP" name="com.child.parent.inheritance.BrowserExecution" tests="1" failures="0" timestamp="27 Nov 2019 21:02:36 GMT" time="6.586" errors="0">
  <testcase name="verifyHomepageTitle" time="6.586" classname="com.child.parent.inheritance.BrowserExecution"/>
</testsuite> <!-- com.child.parent.inheritance.BrowserExecution -->
