<?xml version="1.0" encoding="UTF-8"?>
<!-- Generated by org.testng.reporters.JUnitReportReporter -->
<testsuite hostname="bashudevs-MBP" name="com.child.parent.inheritance.AllMethodsDeclarationOnlyForTestNGChild" tests="1" failures="0" timestamp="20 Dec 2019 18:35:57 GMT" time="0.001" errors="0">
  <testcase name="learningArrays" time="0.001" classname="com.child.parent.inheritance.AllMethodsDeclarationOnlyForTestNGChild"/>
</testsuite> <!-- com.child.parent.inheritance.AllMethodsDeclarationOnlyForTestNGChild -->
