<?xml version="1.0" encoding="UTF-8"?>
<!-- Generated by org.testng.reporters.JUnitReportReporter -->
<testsuite hostname="bashudevs-MBP" name="com.child.parent.inheritance.AllMethodsDeclarationOnlyForTestNGChild" tests="1" failures="0" timestamp="9 Dec 2019 04:23:51 GMT" time="0.016" errors="0">
  <testcase name="learningArrays" time="0.016" classname="com.child.parent.inheritance.AllMethodsDeclarationOnlyForTestNGChild"/>
</testsuite> <!-- com.child.parent.inheritance.AllMethodsDeclarationOnlyForTestNGChild -->
